[debug] [2025-08-09T04:38:49.608Z] ----------------------------------------------------------------------
[debug] [2025-08-09T04:38:49.610Z] Command:       C:\Program Files\nodejs\node.exe C:\Users\nitro tiger\AppData\Roaming\npm\node_modules\firebase-tools\lib\bin\firebase.js init hosting
[debug] [2025-08-09T04:38:49.610Z] CLI Version:   14.7.0
[debug] [2025-08-09T04:38:49.610Z] Platform:      win32
[debug] [2025-08-09T04:38:49.610Z] Node Version:  v22.16.0
[debug] [2025-08-09T04:38:49.611Z] Time:          Sat Aug 09 2025 11:38:49 GMT+0700 (Indochina Time)
[debug] [2025-08-09T04:38:49.611Z] ----------------------------------------------------------------------
[debug] 
[debug] [2025-08-09T04:38:49.613Z] >>> [apiv2][query] GET https://firebase-public.firebaseio.com/cli.json [none]
[debug] [2025-08-09T04:38:49.675Z] > command requires scopes: ["email","openid","https://www.googleapis.com/auth/cloudplatformprojects.readonly","https://www.googleapis.com/auth/firebase","https://www.googleapis.com/auth/cloud-platform"]
[debug] [2025-08-09T04:38:49.676Z] > authorizing via signed-in user (ngoctuhagl96@gmail.com)
[info] 
     ######## #### ########  ######## ########     ###     ######  ########
     ##        ##  ##     ## ##       ##     ##  ##   ##  ##       ##
     ######    ##  ########  ######   ########  #########  ######  ######
     ##        ##  ##    ##  ##       ##     ## ##     ##       ## ##
     ##       #### ##     ## ######## ########  ##     ##  ######  ########

You're about to initialize a Firebase project in this directory:

  C:\Users\nitro tiger\Desktop\RISINGDRAGONTECH_HOCSINHTHAYLOC

[debug] [2025-08-09T04:38:50.278Z] <<< [apiv2][status] GET https://firebase-public.firebaseio.com/cli.json 200
[debug] [2025-08-09T04:38:50.279Z] <<< [apiv2][body] GET https://firebase-public.firebaseio.com/cli.json {"cloudBuildErrorAfter":1594252800000,"cloudBuildWarnAfter":1590019200000,"defaultNode10After":1594252800000,"minVersion":"3.0.5","node8DeploysDisabledAfter":1613390400000,"node8RuntimeDisabledAfter":1615809600000,"node8WarnAfter":1600128000000}
[info] 
=== Project Setup
[info] 
[info] First, let's associate this project directory with a Firebase project.
[info] You can create multiple project aliases by running firebase use --add, 
[info] but for now we'll just set up a default project.
[info] 
[debug] [2025-08-09T04:41:02.329Z] ExitPromptError: User force closed the prompt with SIGINT
    at Interface.sigint (C:\Users\nitro tiger\AppData\Roaming\npm\node_modules\firebase-tools\node_modules\@inquirer\core\dist\commonjs\lib\create-prompt.js:101:37)
    at Interface.emit (node:events:518:28)
    at Interface.emit (node:domain:489:12)
    at [_ttyWrite] [as _ttyWrite] (node:internal/readline/interface:1128:18)
    at ReadStream.onkeypress (node:internal/readline/interface:267:20)
    at ReadStream.emit (node:events:530:35)
    at ReadStream.emit (node:domain:489:12)
    at emitKeys (node:internal/readline/utils:370:14)
    at emitKeys.next (<anonymous>)
    at ReadStream.onData (node:internal/readline/emitKeypressEvents:64:36)
[error] 
[error] Error: An unexpected error has occurred.
